E:\WORKFILES\NAVIGATION-PICTURE\NAVIGATION-PICTURE\AUTONAVIGATER\AUTONAVIGATER\DEBUG\ADDITEMDLG.OBJ
E:\WORKFILES\NAVIGATION-PICTURE\NAVIGATION-PICTURE\AUTONAVIGATER\AUTONAVIGATER\DEBUG\AUTONAVIGATER.EXE.EMBED.MANIFEST
E:\WORKFILES\NAVIGATION-PICTURE\NAVIGATION-PICTURE\AUTONAVIGATER\AUTONAVIGATER\DEBUG\AUTONAVIGATER.EXE.EMBED.MANIFEST.RES
E:\WORKFILES\NAVIGATION-PICTURE\NAVIGATION-PICTURE\AUTONAVIGATER\AUTONAVIGATER\DEBUG\AUTONAVIGATER.EXE.INTERMEDIATE.MANIFEST
E:\WORKFILES\NAVIGATION-PICTURE\NAVIGATION-PICTURE\AUTONAVIGATER\AUTONAVIGATER\DEBUG\AUTONAVIGATER.OBJ
E:\WORKFILES\NAVIGATION-PICTURE\NAVIGATION-PICTURE\AUTONAVIGATER\AUTONAVIGATER\DEBUG\AUTONAVIGATER.PCH
E:\WORKFILES\NAVIGATION-PICTURE\NAVIGATION-PICTURE\AUTONAVIGATER\AUTONAVIGATER\DEBUG\AUTONAVIGATER.RES
E:\WorkFiles\Navigation-Picture\Navigation-Picture\AutoNavigater\AutoNavigater\Debug\AutoNavigater_manifest.rc
E:\WORKFILES\NAVIGATION-PICTURE\NAVIGATION-PICTURE\AUTONAVIGATER\AUTONAVIGATER\DEBUG\AUTONAVIGATERDLG.OBJ
E:\WorkFiles\Navigation-Picture\Navigation-Picture\AutoNavigater\AutoNavigater\Debug\cl.command.1.tlog
E:\WorkFiles\Navigation-Picture\Navigation-Picture\AutoNavigater\AutoNavigater\Debug\CL.read.1.tlog
E:\WorkFiles\Navigation-Picture\Navigation-Picture\AutoNavigater\AutoNavigater\Debug\CL.write.1.tlog
E:\WorkFiles\Navigation-Picture\Navigation-Picture\AutoNavigater\AutoNavigater\Debug\link.command.1.tlog
E:\WorkFiles\Navigation-Picture\Navigation-Picture\AutoNavigater\AutoNavigater\Debug\link.read.1.tlog
E:\WorkFiles\Navigation-Picture\Navigation-Picture\AutoNavigater\AutoNavigater\Debug\link.write.1.tlog
E:\WorkFiles\Navigation-Picture\Navigation-Picture\AutoNavigater\AutoNavigater\Debug\link-cvtres.read.1.tlog
E:\WorkFiles\Navigation-Picture\Navigation-Picture\AutoNavigater\AutoNavigater\Debug\link-cvtres.write.1.tlog
E:\WORKFILES\NAVIGATION-PICTURE\NAVIGATION-PICTURE\AUTONAVIGATER\AUTONAVIGATER\DEBUG\LYLINK.OBJ
E:\WORKFILES\NAVIGATION-PICTURE\NAVIGATION-PICTURE\AUTONAVIGATER\AUTONAVIGATER\DEBUG\LYPATH.OBJ
E:\WORKFILES\NAVIGATION-PICTURE\NAVIGATION-PICTURE\AUTONAVIGATER\AUTONAVIGATER\DEBUG\LYPOINT.OBJ
E:\WorkFiles\Navigation-Picture\Navigation-Picture\AutoNavigater\AutoNavigater\Debug\mt.command.1.tlog
E:\WorkFiles\Navigation-Picture\Navigation-Picture\AutoNavigater\AutoNavigater\Debug\mt.read.1.tlog
E:\WorkFiles\Navigation-Picture\Navigation-Picture\AutoNavigater\AutoNavigater\Debug\mt.write.1.tlog
E:\WorkFiles\Navigation-Picture\Navigation-Picture\AutoNavigater\AutoNavigater\Debug\rc.command.1.tlog
E:\WorkFiles\Navigation-Picture\Navigation-Picture\AutoNavigater\AutoNavigater\Debug\rc.read.1.tlog
E:\WorkFiles\Navigation-Picture\Navigation-Picture\AutoNavigater\AutoNavigater\Debug\rc.write.1.tlog
E:\WORKFILES\NAVIGATION-PICTURE\NAVIGATION-PICTURE\AUTONAVIGATER\AUTONAVIGATER\DEBUG\STDAFX.OBJ
E:\WorkFiles\Navigation-Picture\Navigation-Picture\AutoNavigater\AutoNavigater\Debug\vc100.idb
E:\WORKFILES\NAVIGATION-PICTURE\NAVIGATION-PICTURE\AUTONAVIGATER\AUTONAVIGATER\DEBUG\VC100.PDB
E:\WORKFILES\NAVIGATION-PICTURE\NAVIGATION-PICTURE\AUTONAVIGATER\AUTONAVIGATER\DEBUG\WEBVIEW.OBJ
E:\WORKFILES\NAVIGATION-PICTURE\NAVIGATION-PICTURE\AUTONAVIGATER\DEBUG\AUTONAVIGATER.EXE
E:\WORKFILES\NAVIGATION-PICTURE\NAVIGATION-PICTURE\AUTONAVIGATER\DEBUG\AUTONAVIGATER.ILK
E:\WORKFILES\NAVIGATION-PICTURE\NAVIGATION-PICTURE\AUTONAVIGATER\DEBUG\AUTONAVIGATER.PDB
