生成启动时间为 2012/7/6 17:24:52。
     1>项目“C:\Users\Administrator\Desktop\AutoNavigater\AutoNavigater\AutoNavigater.vcxproj”在节点 2 上(build 个目标)。
     1>InitializeBuildStatus:
         正在创建“Debug\AutoNavigater.unsuccessfulbuild”，因为已指定“AlwaysCreate”。
       ClCompile:
         所有输出均为最新。
         D:\SoftwareProgramming\Microsoft Visual Studio 10.0\VC\bin\CL.exe /c /ZI /nologo /W3 /WX- /Od /Oy- /D WIN32 /D _WINDOWS /D _DEBUG /D _MBCS /D _AFXDLL /Gm /EHsc /RTC1 /MDd /GS /fp:precise /Zc:wchar_t /Zc:forScope /Yc"StdAfx.h" /Fp"Debug\AutoNavigater.pch" /Fo"Debug\\" /Fd"Debug\vc100.pdb" /Gd /TP /analyze- /errorReport:prompt stdafx.cpp
         stdafx.cpp
         D:\SoftwareProgramming\Microsoft Visual Studio 10.0\VC\bin\CL.exe /c /ZI /nologo /W3 /WX- /Od /Oy- /D WIN32 /D _WINDOWS /D _DEBUG /D _MBCS /D _AFXDLL /Gm /EHsc /RTC1 /MDd /GS /fp:precise /Zc:wchar_t /Zc:forScope /Yu"StdAfx.h" /Fp"Debug\AutoNavigater.pch" /Fo"Debug\\" /Fd"Debug\vc100.pdb" /Gd /TP /analyze- /errorReport:prompt AddItemDlg.cpp AutoNavigater.cpp AutoNavigaterDlg.cpp LyLink.cpp LyPath.cpp LyPoint.cpp WebView.cpp
         AutoNavigaterDlg.cpp
     1>c:\users\administrator\desktop\autonavigater\autonavigater\autonavigaterdlg.cpp(427): warning C4244: “=”: 从“double”转换到“int”，可能丢失数据
     1>c:\users\administrator\desktop\autonavigater\autonavigater\autonavigaterdlg.cpp(444): warning C4244: “=”: 从“double”转换到“int”，可能丢失数据
     1>c:\users\administrator\desktop\autonavigater\autonavigater\autonavigaterdlg.cpp(447): warning C4244: “=”: 从“double”转换到“int”，可能丢失数据
     1>c:\users\administrator\desktop\autonavigater\autonavigater\autonavigaterdlg.cpp(471): warning C4244: “=”: 从“double”转换到“int”，可能丢失数据
     1>c:\users\administrator\desktop\autonavigater\autonavigater\autonavigaterdlg.cpp(479): warning C4244: “=”: 从“double”转换到“int”，可能丢失数据
     1>c:\users\administrator\desktop\autonavigater\autonavigater\autonavigaterdlg.cpp(480): warning C4244: “=”: 从“double”转换到“int”，可能丢失数据
     1>c:\users\administrator\desktop\autonavigater\autonavigater\autonavigaterdlg.cpp(663): warning C4101: “n”: 未引用的局部变量
     1>c:\users\administrator\desktop\autonavigater\autonavigater\autonavigaterdlg.cpp(663): warning C4101: “m”: 未引用的局部变量
     1>c:\users\administrator\desktop\autonavigater\autonavigater\autonavigaterdlg.cpp(691): warning C4101: “n”: 未引用的局部变量
     1>c:\users\administrator\desktop\autonavigater\autonavigater\autonavigaterdlg.cpp(691): warning C4101: “m”: 未引用的局部变量
     1>c:\users\administrator\desktop\autonavigater\autonavigater\autonavigaterdlg.cpp(1029): warning C4244: “=”: 从“double”转换到“int”，可能丢失数据
     1>c:\users\administrator\desktop\autonavigater\autonavigater\autonavigaterdlg.cpp(1013): warning C4101: “k”: 未引用的局部变量
         正在生成代码...
         正在跳过...(未检测到相关更改)
         WebView.cpp
         LyPoint.cpp
         LyPath.cpp
         LyLink.cpp
         AutoNavigater.cpp
         AddItemDlg.cpp
       ResourceCompile:
         所有输出均为最新。
       ManifestResourceCompile:
         所有输出均为最新。
       Link:
         D:\SoftwareProgramming\Microsoft Visual Studio 10.0\VC\bin\link.exe /ERRORREPORT:PROMPT /OUT:"C:\Users\Administrator\Desktop\AutoNavigater\Debug\AutoNavigater.exe" /INCREMENTAL /NOLOGO /MANIFEST /ManifestFile:"Debug\AutoNavigater.exe.intermediate.manifest" /MANIFESTUAC:"level='asInvoker' uiAccess='false'" /DEBUG /PDB:"C:\Users\Administrator\Desktop\AutoNavigater\Debug\AutoNavigater.pdb" /SUBSYSTEM:WINDOWS /TLBID:1 /DYNAMICBASE /NXCOMPAT /IMPLIB:"C:\Users\Administrator\Desktop\AutoNavigater\Debug\AutoNavigater.lib" /MACHINE:X86 Debug\AutoNavigater.res
         Debug\AutoNavigater.exe.embed.manifest.res
         Debug\AddItemDlg.obj
         Debug\AutoNavigater.obj
         Debug\AutoNavigaterDlg.obj
         Debug\LyLink.obj
         Debug\LyPath.obj
         Debug\LyPoint.obj
         Debug\stdafx.obj
         Debug\WebView.obj
       Manifest:
         C:\Program Files (x86)\Microsoft SDKs\Windows\v7.0A\bin\mt.exe /nologo /verbose /out:"Debug\AutoNavigater.exe.embed.manifest" /manifest Debug\AutoNavigater.exe.intermediate.manifest "D:\SoftwareProgramming\Microsoft Visual Studio 10.0\VC\Include\Manifest\dpiaware.manifest"
         所有输出均为最新。
       LinkEmbedManifest:
         所有输出均为最新。
         AutoNavigater.vcxproj -> C:\Users\Administrator\Desktop\AutoNavigater\Debug\AutoNavigater.exe
       FinalizeBuildStatus:
         正在删除文件“Debug\AutoNavigater.unsuccessfulbuild”。
         正在对“Debug\AutoNavigater.lastbuildstate”执行 Touch 任务。
     1>已完成生成项目“C:\Users\Administrator\Desktop\AutoNavigater\AutoNavigater\AutoNavigater.vcxproj”(build 个目标)的操作。

生成成功。

已用时间 00:00:01.38
